<?xml version="1.0" encoding="utf-8"?><testsuites name="pytest tests"><testsuite name="pytest" errors="0" failures="0" skipped="0" tests="15" time="1.591" timestamp="2026-06-27T18:19:08.564195+00:00" hostname="agent-env-409dbe52-f9c1-4f1f-9339-2415c7da74bc"><testcase classname="backend.tests.backend_test.TestSetupAuth" name="test_get_setup" time="0.277" /><testcase classname="backend.tests.backend_test.TestSetupAuth" name="test_verify_pin_ok" time="0.043" /><testcase classname="backend.tests.backend_test.TestSetupAuth" name="test_verify_pin_wrong" time="0.042" /><testcase classname="backend.tests.backend_test.TestSetupAuth" name="test_update_shop_name" time="0.089" /><testcase classname="backend.tests.backend_test.TestDashboard" name="test_dashboard" time="0.044" /><testcase classname="backend.tests.backend_test.TestDashboard" name="test_risk_badges" time="0.046" /><testcase classname="backend.tests.backend_test.TestCustomers" name="test_list_customers" time="0.051" /><testcase classname="backend.tests.backend_test.TestCustomers" name="test_create_customer_and_persist" time="0.128" /><testcase classname="backend.tests.backend_test.TestCustomers" name="test_create_customer_missing_name" time="0.045" /><testcase classname="backend.tests.backend_test.TestCustomers" name="test_transaction_credit_then_payment_and_running_balance" time="0.320" /><testcase classname="backend.tests.backend_test.TestCustomers" name="test_transaction_invalid_amount" time="0.168" /><testcase classname="backend.tests.backend_test.TestCustomers" name="test_tx_for_missing_customer" time="0.041" /><testcase classname="backend.tests.backend_test.TestVoiceTextParse" name="test_parse_credit" time="0.043" /><testcase classname="backend.tests.backend_test.TestVoiceTextParse" name="test_parse_payment" time="0.042" /><testcase classname="backend.tests.backend_test.TestSeed" name="test_reseed" time="0.129" /></testsuite></testsuites>